  main.cpp
C:\Users\koutaro fukui\Documents\of_v0.9.8_vs_release\libs\openFrameworks\utils\ofLog.h : warning C4819: The file contains a character that cannot be represented in the current code page (932). Save the file in Unicode format to prevent data loss
C:\Users\koutaro fukui\Documents\of_v0.9.8_vs_release\libs\openFrameworks\types\ofTypes.h : warning C4819: The file contains a character that cannot be represented in the current code page (932). Save the file in Unicode format to prevent data loss
c:\users\koutaro fukui\documents\of_v0.9.8_vs_release\libs\openframeworks\types\ofColor.h : warning C4819: The file contains a character that cannot be represented in the current code page (932). Save the file in Unicode format to prevent data loss
c:\users\koutaro fukui\documents\of_v0.9.8_vs_release\libs\openframeworks\math\ofVec3f.h : warning C4819: The file contains a character that cannot be represented in the current code page (932). Save the file in Unicode format to prevent data loss
c:\users\koutaro fukui\documents\of_v0.9.8_vs_release\libs\openframeworks\math\ofVec2f.h : warning C4819: The file contains a character that cannot be represented in the current code page (932). Save the file in Unicode format to prevent data loss
c:\users\koutaro fukui\documents\of_v0.9.8_vs_release\libs\openframeworks\types\ofColor.h(778): warning C4819: The file contains a character that cannot be represented in the current code page (932). Save the file in Unicode format to prevent data loss
C:\Users\koutaro fukui\Documents\of_v0.9.8_vs_release\libs\openFrameworks\3d\ofMesh.h : warning C4819: The file contains a character that cannot be represented in the current code page (932). Save the file in Unicode format to prevent data loss
C:\Users\koutaro fukui\Documents\of_v0.9.8_vs_release\libs\openFrameworks\graphics\ofPolyline.h : warning C4819: The file contains a character that cannot be represented in the current code page (932). Save the file in Unicode format to prevent data loss
C:\Users\koutaro fukui\Documents\of_v0.9.8_vs_release\libs\openFrameworks\graphics\ofPath.h : warning C4819: The file contains a character that cannot be represented in the current code page (932). Save the file in Unicode format to prevent data loss
C:\Users\koutaro fukui\Documents\of_v0.9.8_vs_release\libs\openFrameworks\3d\ofCamera.h : warning C4819: The file contains a character that cannot be represented in the current code page (932). Save the file in Unicode format to prevent data loss
C:\Users\koutaro fukui\Documents\of_v0.9.8_vs_release\libs\openFrameworks\3d\ofEasyCam.h : warning C4819: The file contains a character that cannot be represented in the current code page (932). Save the file in Unicode format to prevent data loss
     Creating library bin\ofxPostGlitch_debug.lib and object bin\ofxPostGlitch_debug.exp
  ofxPostGlitch.vcxproj -> C:\Users\koutaro fukui\Documents\of_v0.9.8_vs_release\apps\myApps\ofxPostGlitch\bin\ofxPostGlitch_debug.exe
  ofxPostGlitch.vcxproj -> bin\ofxPostGlitch_debug.pdb (Full PDB)
  
  	                   9	C:\Users\koutaro fukui\Documents\of_v0.9.8_vs_release\export\vs\Win32\
  	  新しいファイル		 2939392	C:\Users\koutaro fukui\Documents\of_v0.9.8_vs_release\export\vs\Win32\assimp.dll
  	  新しいファイル		 1266176	C:\Users\koutaro fukui\Documents\of_v0.9.8_vs_release\export\vs\Win32\fmodex.dll
  	  新しいファイル		 1312768	C:\Users\koutaro fukui\Documents\of_v0.9.8_vs_release\export\vs\Win32\fmodexL.dll
  	  新しいファイル		 5647872	C:\Users\koutaro fukui\Documents\of_v0.9.8_vs_release\export\vs\Win32\FreeImage.dll
  	  新しいファイル		  580608	C:\Users\koutaro fukui\Documents\of_v0.9.8_vs_release\export\vs\Win32\freetype.dll
  	  新しいファイル		  237568	C:\Users\koutaro fukui\Documents\of_v0.9.8_vs_release\export\vs\Win32\glut32.dll
  	  新しいファイル		 1178624	C:\Users\koutaro fukui\Documents\of_v0.9.8_vs_release\export\vs\Win32\libeay32.dll
  	  新しいファイル		  269824	C:\Users\koutaro fukui\Documents\of_v0.9.8_vs_release\export\vs\Win32\ssleay32.dll
  	  新しいファイル		   69632	C:\Users\koutaro fukui\Documents\of_v0.9.8_vs_release\export\vs\Win32\Zlib.dll
